{"D:\\Arquivos_Obsidian\\ZenTriq\\zentriq-api\\src\\config\\database.js": {"path":"D:\\Arquivos_Obsidian\\ZenTriq\\zentriq-api\\src\\config\\database.js","statementMap":{"0":{"start":{"line":1,"column":15},"end":{"line":1,"column":41}},"1":{"start":{"line":2,"column":25},"end":{"line":2,"column":50}},"2":{"start":{"line":3,"column":15},"end":{"line":3,"column":33}},"3":{"start":{"line":5,"column":2},"end":{"line":5,"column":null}},"4":{"start":{"line":6,"column":2},"end":{"line":6,"column":null}},"5":{"start":{"line":10,"column":2},"end":{"line":10,"column":null}},"6":{"start":{"line":13,"column":0},"end":{"line":13,"column":null}}},"fnMap":{"0":{"name":"initDatabase","decl":{"start":{"line":4,"column":9},"end":{"line":4,"column":21}},"loc":{"start":{"line":4,"column":24},"end":{"line":7,"column":null}},"line":4},"1":{"name":"getDb","decl":{"start":{"line":9,"column":9},"end":{"line":9,"column":14}},"loc":{"start":{"line":9,"column":17},"end":{"line":11,"column":null}},"line":9}},"branchMap":{},"s":{"0":1,"1":1,"2":1,"3":0,"4":0,"5":0,"6":1},"f":{"0":0,"1":0},"b":{},"meta":{"lastBranch":0,"lastFunction":2,"lastStatement":7,"seen":{"s:1:15:1:41":0,"s:2:25:2:50":1,"s:3:15:3:33":2,"f:4:9:4:21":0,"s:5:2:5:Infinity":3,"s:6:2:6:Infinity":4,"f:9:9:9:14":1,"s:10:2:10:Infinity":5,"s:13:0:13:Infinity":6}}}
,"D:\\Arquivos_Obsidian\\ZenTriq\\zentriq-api\\src\\controllers\\userController.js": {"path":"D:\\Arquivos_Obsidian\\ZenTriq\\zentriq-api\\src\\controllers\\userController.js","statementMap":{"0":{"start":{"line":1,"column":13},"end":{"line":1,"column":38}},"1":{"start":{"line":2,"column":21},"end":{"line":2,"column":53}},"2":{"start":{"line":3,"column":17},"end":{"line":3,"column":45}},"3":{"start":{"line":4,"column":15},"end":{"line":4,"column":41}},"4":{"start":{"line":12,"column":22},"end":{"line":48,"column":2}},"5":{"start":{"line":13,"column":17},"end":{"line":13,"column":27}},"6":{"start":{"line":14,"column":51},"end":{"line":14,"column":59}},"7":{"start":{"line":17,"column":2},"end":{"line":17,"column":null}},"8":{"start":{"line":20,"column":22},"end":{"line":20,"column":105}},"9":{"start":{"line":22,"column":2},"end":{"line":22,"column":null}},"10":{"start":{"line":24,"column":2},"end":{"line":47,"column":null}},"11":{"start":{"line":25,"column":24},"end":{"line":29,"column":6}},"12":{"start":{"line":31,"column":4},"end":{"line":33,"column":null}},"13":{"start":{"line":32,"column":6},"end":{"line":32,"column":null}},"14":{"start":{"line":35,"column":4},"end":{"line":35,"column":null}},"15":{"start":{"line":37,"column":4},"end":{"line":43,"column":null}},"16":{"start":{"line":45,"column":4},"end":{"line":45,"column":null}},"17":{"start":{"line":46,"column":4},"end":{"line":46,"column":null}},"18":{"start":{"line":51,"column":0},"end":{"line":53,"column":null}}},"fnMap":{"0":{"name":"(anonymous_0)","decl":{"start":{"line":12,"column":35},"end":{"line":12,"column":40}},"loc":{"start":{"line":12,"column":55},"end":{"line":48,"column":1}},"line":12}},"branchMap":{"0":{"loc":{"start":{"line":20,"column":22},"end":{"line":20,"column":105}},"type":"cond-expr","locations":[{"start":{"line":20,"column":75},"end":{"line":20,"column":76}},{"start":{"line":20,"column":79},"end":{"line":20,"column":105}}],"line":20},"1":{"loc":{"start":{"line":20,"column":23},"end":{"line":20,"column":71}},"type":"binary-expr","locations":[{"start":{"line":20,"column":23},"end":{"line":20,"column":46}},{"start":{"line":20,"column":50},"end":{"line":20,"column":71}}],"line":20},"2":{"loc":{"start":{"line":31,"column":4},"end":{"line":33,"column":null}},"type":"if","locations":[{"start":{"line":31,"column":4},"end":{"line":33,"column":null}},{"start":{},"end":{}}],"line":31}},"s":{"0":1,"1":1,"2":1,"3":1,"4":1,"5":2,"6":2,"7":2,"8":2,"9":2,"10":2,"11":2,"12":2,"13":1,"14":1,"15":1,"16":1,"17":1,"18":1},"f":{"0":2},"b":{"0":[0,2],"1":[2,2],"2":[1,1]},"meta":{"lastBranch":3,"lastFunction":1,"lastStatement":19,"seen":{"s:1:13:1:38":0,"s:2:21:2:53":1,"s:3:17:3:45":2,"s:4:15:4:41":3,"s:12:22:48:2":4,"f:12:35:12:40":0,"s:13:17:13:27":5,"s:14:51:14:59":6,"s:17:2:17:Infinity":7,"s:20:22:20:105":8,"b:20:75:20:76:20:79:20:105":0,"b:20:23:20:46:20:50:20:71":1,"s:22:2:22:Infinity":9,"s:24:2:47:Infinity":10,"s:25:24:29:6":11,"b:31:4:33:Infinity:undefined:undefined:undefined:undefined":2,"s:31:4:33:Infinity":12,"s:32:6:32:Infinity":13,"s:35:4:35:Infinity":14,"s:37:4:43:Infinity":15,"s:45:4:45:Infinity":16,"s:46:4:46:Infinity":17,"s:51:0:53:Infinity":18}}}
,"D:\\Arquivos_Obsidian\\ZenTriq\\zentriq-api\\src\\models\\User.js": {"path":"D:\\Arquivos_Obsidian\\ZenTriq\\zentriq-api\\src\\models\\User.js","statementMap":{"0":{"start":{"line":6,"column":23},"end":{"line":6,"column":67}},"1":{"start":{"line":6,"column":31},"end":{"line":6,"column":67}},"2":{"start":{"line":8,"column":19},"end":{"line":8,"column":48}},"3":{"start":{"line":17,"column":2},"end":{"line":17,"column":null}},"4":{"start":{"line":17,"column":27},"end":{"line":17,"column":null}},"5":{"start":{"line":18,"column":2},"end":{"line":18,"column":null}},"6":{"start":{"line":28,"column":2},"end":{"line":28,"column":null}},"7":{"start":{"line":42,"column":2},"end":{"line":49,"column":null}},"8":{"start":{"line":60,"column":2},"end":{"line":60,"column":null}},"9":{"start":{"line":60,"column":27},"end":{"line":60,"column":null}},"10":{"start":{"line":62,"column":21},"end":{"line":62,"column":23}},"11":{"start":{"line":63,"column":2},"end":{"line":63,"column":null}},"12":{"start":{"line":63,"column":31},"end":{"line":63,"column":null}},"13":{"start":{"line":64,"column":2},"end":{"line":64,"column":null}},"14":{"start":{"line":64,"column":41},"end":{"line":64,"column":null}},"15":{"start":{"line":65,"column":2},"end":{"line":65,"column":null}},"16":{"start":{"line":65,"column":40},"end":{"line":65,"column":null}},"17":{"start":{"line":66,"column":2},"end":{"line":66,"column":null}},"18":{"start":{"line":66,"column":32},"end":{"line":66,"column":null}},"19":{"start":{"line":67,"column":2},"end":{"line":69,"column":null}},"20":{"start":{"line":68,"column":4},"end":{"line":68,"column":null}},"21":{"start":{"line":71,"column":2},"end":{"line":77,"column":null}},"22":{"start":{"line":72,"column":4},"end":{"line":72,"column":null}},"23":{"start":{"line":73,"column":4},"end":{"line":76,"column":null}},"24":{"start":{"line":79,"column":2},"end":{"line":79,"column":null}},"25":{"start":{"line":82,"column":0},"end":{"line":82,"column":null}}},"fnMap":{"0":{"name":"(anonymous_0)","decl":{"start":{"line":6,"column":23},"end":{"line":6,"column":24}},"loc":{"start":{"line":6,"column":31},"end":{"line":6,"column":67}},"line":6},"1":{"name":"findById","decl":{"start":{"line":16,"column":15},"end":{"line":16,"column":23}},"loc":{"start":{"line":16,"column":28},"end":{"line":19,"column":null}},"line":16},"2":{"name":"findByEmail","decl":{"start":{"line":27,"column":15},"end":{"line":27,"column":26}},"loc":{"start":{"line":27,"column":34},"end":{"line":29,"column":null}},"line":27},"3":{"name":"create","decl":{"start":{"line":41,"column":15},"end":{"line":41,"column":21}},"loc":{"start":{"line":41,"column":72},"end":{"line":50,"column":null}},"line":41},"4":{"name":"update","decl":{"start":{"line":59,"column":15},"end":{"line":59,"column":21}},"loc":{"start":{"line":59,"column":32},"end":{"line":80,"column":null}},"line":59}},"branchMap":{"0":{"loc":{"start":{"line":17,"column":2},"end":{"line":17,"column":null}},"type":"if","locations":[{"start":{"line":17,"column":2},"end":{"line":17,"column":null}},{"start":{},"end":{}}],"line":17},"1":{"loc":{"start":{"line":41,"column":51},"end":{"line":41,"column":68}},"type":"default-arg","locations":[{"start":{"line":41,"column":67},"end":{"line":41,"column":68}}],"line":41},"2":{"loc":{"start":{"line":60,"column":2},"end":{"line":60,"column":null}},"type":"if","locations":[{"start":{"line":60,"column":2},"end":{"line":60,"column":null}},{"start":{},"end":{}}],"line":60},"3":{"loc":{"start":{"line":63,"column":2},"end":{"line":63,"column":null}},"type":"if","locations":[{"start":{"line":63,"column":2},"end":{"line":63,"column":null}},{"start":{},"end":{}}],"line":63},"4":{"loc":{"start":{"line":64,"column":2},"end":{"line":64,"column":null}},"type":"if","locations":[{"start":{"line":64,"column":2},"end":{"line":64,"column":null}},{"start":{},"end":{}}],"line":64},"5":{"loc":{"start":{"line":65,"column":2},"end":{"line":65,"column":null}},"type":"if","locations":[{"start":{"line":65,"column":2},"end":{"line":65,"column":null}},{"start":{},"end":{}}],"line":65},"6":{"loc":{"start":{"line":66,"column":2},"end":{"line":66,"column":null}},"type":"if","locations":[{"start":{"line":66,"column":2},"end":{"line":66,"column":null}},{"start":{},"end":{}}],"line":66},"7":{"loc":{"start":{"line":67,"column":2},"end":{"line":69,"column":null}},"type":"if","locations":[{"start":{"line":67,"column":2},"end":{"line":69,"column":null}},{"start":{},"end":{}}],"line":67},"8":{"loc":{"start":{"line":68,"column":32},"end":{"line":68,"column":101}},"type":"cond-expr","locations":[{"start":{"line":68,"column":68},"end":{"line":68,"column":72}},{"start":{"line":68,"column":75},"end":{"line":68,"column":101}}],"line":68},"9":{"loc":{"start":{"line":71,"column":2},"end":{"line":77,"column":null}},"type":"if","locations":[{"start":{"line":71,"column":2},"end":{"line":77,"column":null}},{"start":{},"end":{}}],"line":71}},"s":{"0":1,"1":0,"2":1,"3":0,"4":0,"5":0,"6":0,"7":0,"8":0,"9":0,"10":0,"11":0,"12":0,"13":0,"14":0,"15":0,"16":0,"17":0,"18":0,"19":0,"20":0,"21":0,"22":0,"23":0,"24":0,"25":1},"f":{"0":0,"1":0,"2":0,"3":0,"4":0},"b":{"0":[0,0],"1":[0],"2":[0,0],"3":[0,0],"4":[0,0],"5":[0,0],"6":[0,0],"7":[0,0],"8":[0,0],"9":[0,0]},"meta":{"lastBranch":10,"lastFunction":5,"lastStatement":26,"seen":{"s:6:23:6:67":0,"f:6:23:6:24":0,"s:6:31:6:67":1,"s:8:19:8:48":2,"f:16:15:16:23":1,"b:17:2:17:Infinity:undefined:undefined:undefined:undefined":0,"s:17:2:17:Infinity":3,"s:17:27:17:Infinity":4,"s:18:2:18:Infinity":5,"f:27:15:27:26":2,"s:28:2:28:Infinity":6,"f:41:15:41:21":3,"b:41:67:41:68":1,"s:42:2:49:Infinity":7,"f:59:15:59:21":4,"b:60:2:60:Infinity:undefined:undefined:undefined:undefined":2,"s:60:2:60:Infinity":8,"s:60:27:60:Infinity":9,"s:62:21:62:23":10,"b:63:2:63:Infinity:undefined:undefined:undefined:undefined":3,"s:63:2:63:Infinity":11,"s:63:31:63:Infinity":12,"b:64:2:64:Infinity:undefined:undefined:undefined:undefined":4,"s:64:2:64:Infinity":13,"s:64:41:64:Infinity":14,"b:65:2:65:Infinity:undefined:undefined:undefined:undefined":5,"s:65:2:65:Infinity":15,"s:65:40:65:Infinity":16,"b:66:2:66:Infinity:undefined:undefined:undefined:undefined":6,"s:66:2:66:Infinity":17,"s:66:32:66:Infinity":18,"b:67:2:69:Infinity:undefined:undefined:undefined:undefined":7,"s:67:2:69:Infinity":19,"s:68:4:68:Infinity":20,"b:68:68:68:72:68:75:68:101":8,"b:71:2:77:Infinity:undefined:undefined:undefined:undefined":9,"s:71:2:77:Infinity":21,"s:72:4:72:Infinity":22,"s:73:4:76:Infinity":23,"s:79:2:79:Infinity":24,"s:82:0:82:Infinity":25}}}
,"D:\\Arquivos_Obsidian\\ZenTriq\\zentriq-api\\src\\utils\\AppError.js": {"path":"D:\\Arquivos_Obsidian\\ZenTriq\\zentriq-api\\src\\utils\\AppError.js","statementMap":{"0":{"start":{"line":13,"column":4},"end":{"line":13,"column":null}},"1":{"start":{"line":14,"column":4},"end":{"line":14,"column":null}},"2":{"start":{"line":15,"column":4},"end":{"line":15,"column":null}},"3":{"start":{"line":16,"column":4},"end":{"line":16,"column":null}},"4":{"start":{"line":17,"column":4},"end":{"line":17,"column":null}},"5":{"start":{"line":21,"column":0},"end":{"line":21,"column":null}}},"fnMap":{"0":{"name":"(anonymous_0)","decl":{"start":{"line":12,"column":2},"end":{"line":12,"column":13}},"loc":{"start":{"line":12,"column":55},"end":{"line":18,"column":null}},"line":12}},"branchMap":{"0":{"loc":{"start":{"line":12,"column":41},"end":{"line":12,"column":53}},"type":"default-arg","locations":[{"start":{"line":12,"column":51},"end":{"line":12,"column":53}}],"line":12}},"s":{"0":1,"1":1,"2":1,"3":1,"4":1,"5":1},"f":{"0":1},"b":{"0":[1]},"meta":{"lastBranch":1,"lastFunction":1,"lastStatement":6,"seen":{"f:12:2:12:13":0,"b:12:51:12:53":0,"s:13:4:13:Infinity":0,"s:14:4:14:Infinity":1,"s:15:4:15:Infinity":2,"s:16:4:16:Infinity":3,"s:17:4:17:Infinity":4,"s:21:0:21:Infinity":5}}}
,"D:\\Arquivos_Obsidian\\ZenTriq\\zentriq-api\\src\\utils\\asyncHandler.js": {"path":"D:\\Arquivos_Obsidian\\ZenTriq\\zentriq-api\\src\\utils\\asyncHandler.js","statementMap":{"0":{"start":{"line":8,"column":21},"end":{"line":10,"column":1}},"1":{"start":{"line":8,"column":29},"end":{"line":10,"column":1}},"2":{"start":{"line":9,"column":2},"end":{"line":9,"column":null}},"3":{"start":{"line":12,"column":0},"end":{"line":12,"column":null}}},"fnMap":{"0":{"name":"(anonymous_0)","decl":{"start":{"line":8,"column":21},"end":{"line":8,"column":22}},"loc":{"start":{"line":8,"column":29},"end":{"line":10,"column":1}},"line":8},"1":{"name":"(anonymous_1)","decl":{"start":{"line":8,"column":29},"end":{"line":8,"column":30}},"loc":{"start":{"line":8,"column":49},"end":{"line":10,"column":1}},"line":8}},"branchMap":{},"s":{"0":1,"1":1,"2":2,"3":1},"f":{"0":1,"1":2},"b":{},"meta":{"lastBranch":0,"lastFunction":2,"lastStatement":4,"seen":{"s:8:21:10:1":0,"f:8:21:8:22":0,"s:8:29:10:1":1,"f:8:29:8:30":1,"s:9:2:9:Infinity":2,"s:12:0:12:Infinity":3}}}
,"D:\\Arquivos_Obsidian\\ZenTriq\\zentriq-api\\src\\utils\\logger.js": {"path":"D:\\Arquivos_Obsidian\\ZenTriq\\zentriq-api\\src\\utils\\logger.js","statementMap":{"0":{"start":{"line":12,"column":13},"end":{"line":12,"column":28}},"1":{"start":{"line":14,"column":6},"end":{"line":14,"column":null}},"2":{"start":{"line":16,"column":15},"end":{"line":45,"column":2}},"3":{"start":{"line":39,"column":6},"end":{"line":39,"column":null}},"4":{"start":{"line":47,"column":0},"end":{"line":47,"column":null}}},"fnMap":{"0":{"name":"(anonymous_0)","decl":{"start":{"line":38,"column":4},"end":{"line":38,"column":12}},"loc":{"start":{"line":38,"column":22},"end":{"line":41,"column":null}},"line":38}},"branchMap":{"0":{"loc":{"start":{"line":18,"column":9},"end":{"line":18,"column":null}},"type":"binary-expr","locations":[{"start":{"line":18,"column":9},"end":{"line":18,"column":35}},{"start":{"line":18,"column":35},"end":{"line":18,"column":null}}],"line":18},"1":{"loc":{"start":{"line":18,"column":35},"end":{"line":18,"column":null}},"type":"cond-expr","locations":[{"start":{"line":18,"column":43},"end":{"line":18,"column":53}},{"start":{"line":18,"column":53},"end":{"line":18,"column":null}}],"line":18},"2":{"loc":{"start":{"line":21,"column":8},"end":{"line":24,"column":null}},"type":"cond-expr","locations":[{"start":{"line":21,"column":16},"end":{"line":21,"column":28}},{"start":{"line":21,"column":28},"end":{"line":24,"column":null}}],"line":21},"3":{"loc":{"start":{"line":27,"column":13},"end":{"line":34,"column":null}},"type":"cond-expr","locations":[{"start":{"line":27,"column":21},"end":{"line":34,"column":6}},{"start":{"line":34,"column":6},"end":{"line":34,"column":null}}],"line":27}},"s":{"0":1,"1":1,"2":1,"3":1,"4":1},"f":{"0":1},"b":{"0":[1,1],"1":[1,1],"2":[1,1],"3":[1,1]},"meta":{"lastBranch":4,"lastFunction":1,"lastStatement":5,"seen":{"s:12:13:12:28":0,"s:14:6:14:Infinity":1,"s:16:15:45:2":2,"b:18:9:18:35:18:35:18:Infinity":0,"b:18:43:18:53:18:53:18:Infinity":1,"b:21:16:21:28:21:28:24:Infinity":2,"b:27:21:34:6:34:6:34:Infinity":3,"f:38:4:38:12":0,"s:39:6:39:Infinity":3,"s:47:0:47:Infinity":4}}}
}
